<?xml version="1.0" encoding="UTF-8"?>
<testng-results ignored="0" total="2" passed="2" failed="0" skipped="0">
  <reporter-output>
  </reporter-output>
  <suite started-at="2022-12-25T15:49:06 IST" name="Default suite" finished-at="2022-12-25T15:49:06 IST" duration-ms="153">
    <groups>
    </groups>
    <test started-at="2022-12-25T15:49:06 IST" name="Default test" finished-at="2022-12-25T15:49:06 IST" duration-ms="153">
      <class name="com.testannotatons.TestAnnotatons">
        <test-method is-config="true" signature="beforeSuite()[pri:0, instance:com.testannotatons.TestAnnotatons@1cbb87f3]" started-at="2022-12-25T15:49:06 IST" name="beforeSuite" finished-at="2022-12-25T15:49:06 IST" duration-ms="23" status="PASS">
          <reporter-output>
          </reporter-output>
        </test-method> <!-- beforeSuite -->
        <test-method is-config="true" signature="beforeTest()[pri:0, instance:com.testannotatons.TestAnnotatons@1cbb87f3]" started-at="2022-12-25T15:49:06 IST" name="beforeTest" finished-at="2022-12-25T15:49:06 IST" duration-ms="1" status="PASS">
          <reporter-output>
          </reporter-output>
        </test-method> <!-- beforeTest -->
        <test-method is-config="true" signature="beforeClass()[pri:0, instance:com.testannotatons.TestAnnotatons@1cbb87f3]" started-at="2022-12-25T15:49:06 IST" name="beforeClass" finished-at="2022-12-25T15:49:06 IST" duration-ms="0" status="PASS">
          <reporter-output>
          </reporter-output>
        </test-method> <!-- beforeClass -->
        <test-method is-config="true" signature="beforeMethod()[pri:0, instance:com.testannotatons.TestAnnotatons@1cbb87f3]" started-at="2022-12-25T15:49:06 IST" name="beforeMethod" finished-at="2022-12-25T15:49:06 IST" duration-ms="1" status="PASS">
          <reporter-output>
          </reporter-output>
        </test-method> <!-- beforeMethod -->
        <test-method signature="Test1()[pri:0, instance:com.testannotatons.TestAnnotatons@1cbb87f3]" started-at="2022-12-25T15:49:06 IST" name="Test1" finished-at="2022-12-25T15:49:06 IST" duration-ms="16" status="PASS">
          <reporter-output>
          </reporter-output>
        </test-method> <!-- Test1 -->
        <test-method is-config="true" signature="afterMethod()[pri:0, instance:com.testannotatons.TestAnnotatons@1cbb87f3]" started-at="2022-12-25T15:49:06 IST" name="afterMethod" finished-at="2022-12-25T15:49:06 IST" duration-ms="1" status="PASS">
          <reporter-output>
          </reporter-output>
        </test-method> <!-- afterMethod -->
        <test-method is-config="true" signature="beforeMethod()[pri:0, instance:com.testannotatons.TestAnnotatons@1cbb87f3]" started-at="2022-12-25T15:49:06 IST" name="beforeMethod" finished-at="2022-12-25T15:49:06 IST" duration-ms="1" status="PASS">
          <reporter-output>
          </reporter-output>
        </test-method> <!-- beforeMethod -->
        <test-method signature="Test2()[pri:0, instance:com.testannotatons.TestAnnotatons@1cbb87f3]" started-at="2022-12-25T15:49:06 IST" name="Test2" finished-at="2022-12-25T15:49:06 IST" duration-ms="7" status="PASS">
          <reporter-output>
          </reporter-output>
        </test-method> <!-- Test2 -->
        <test-method is-config="true" signature="afterMethod()[pri:0, instance:com.testannotatons.TestAnnotatons@1cbb87f3]" started-at="2022-12-25T15:49:06 IST" name="afterMethod" finished-at="2022-12-25T15:49:06 IST" duration-ms="1" status="PASS">
          <reporter-output>
          </reporter-output>
        </test-method> <!-- afterMethod -->
        <test-method is-config="true" signature="afterClass()[pri:0, instance:com.testannotatons.TestAnnotatons@1cbb87f3]" started-at="2022-12-25T15:49:06 IST" name="afterClass" finished-at="2022-12-25T15:49:06 IST" duration-ms="0" status="PASS">
          <reporter-output>
          </reporter-output>
        </test-method> <!-- afterClass -->
        <test-method is-config="true" signature="AfterTest()[pri:0, instance:com.testannotatons.TestAnnotatons@1cbb87f3]" started-at="2022-12-25T15:49:06 IST" name="AfterTest" finished-at="2022-12-25T15:49:06 IST" duration-ms="1" status="PASS">
          <reporter-output>
          </reporter-output>
        </test-method> <!-- AfterTest -->
        <test-method is-config="true" signature="afterTest()[pri:0, instance:com.testannotatons.TestAnnotatons@1cbb87f3]" started-at="2022-12-25T15:49:06 IST" name="afterTest" finished-at="2022-12-25T15:49:06 IST" duration-ms="1" status="PASS">
          <reporter-output>
          </reporter-output>
        </test-method> <!-- afterTest -->
      </class> <!-- com.testannotatons.TestAnnotatons -->
    </test> <!-- Default test -->
  </suite> <!-- Default suite -->
</testng-results>
